# JRE version: OpenJDK Runtime Environment (21.0.6) (build 21.0.6+-13368085-b895.109)
# Java VM: OpenJDK 64-Bit Server VM (21.0.6+-13368085-b895.109, mixed mode, tiered, compressed oops, compressed class ptrs, g1 gc, windows-amd64)
GC Precious Log:
 CardTable entry size: 512
 Card Set container configuration: InlinePtr #cards 5 size 8 Array Of Cards #cards 12 size 40 Howl #buckets 4 coarsen threshold 1843 Howl Bitmap #cards 512 size 80 coarsen threshold 460 Card regions per heap region 1 cards per card region 2048
 CPUs: 4 total, 4 available
 Memory: 12125M
 Large Page Support: Disabled
 NUMA Support: Disabled
 Compressed Oops: Enabled (32-bit)
 Heap Region Size: 1M
 Heap Min Capacity: 8M
 Heap Initial Capacity: 190M
 Heap Max Capacity: 2G
 Pre-touch: Disabled
 Parallel Workers: 4
 Concurrent Workers: 1
 Concurrent Refinement Workers: 4
 Periodic GC: Disabled
Heap:
 garbage-first heap   total 217088K, used 149159K [0x0000000080000000, 0x0000000100000000)
  region size 1024K, 21 young (21504K), 5 survivors (5120K)
 Metaspace       used 113833K, committed 116032K, reserved 1179648K
  class space    used 15199K, committed 16320K, reserved 1048576K
GC Heap History (20 events):
Event: 26.811 GC heap before
{Heap before GC invocations=42 (full 0):
 garbage-first heap   total 132096K, used 111280K [0x0000000080000000, 0x0000000100000000)
  region size 1024K, 38 young (38912K), 5 survivors (5120K)
 Metaspace       used 96492K, committed 98624K, reserved 1179648K
  class space    used 13102K, committed 14144K, reserved 1048576K
}
Event: 26.819 GC heap after
{Heap after GC invocations=43 (full 0):
 garbage-first heap   total 132096K, used 79240K [0x0000000080000000, 0x0000000100000000)
  region size 1024K, 4 young (4096K), 4 survivors (4096K)
 Metaspace       used 96492K, committed 98624K, reserved 1179648K
  class space    used 13102K, committed 14144K, reserved 1048576K
}
Event: 27.721 GC heap before
{Heap before GC invocations=43 (full 0):
 garbage-first heap   total 132096K, used 120200K [0x0000000080000000, 0x0000000100000000)
  region size 1024K, 44 young (45056K), 4 survivors (4096K)
 Metaspace       used 99682K, committed 101824K, reserved 1179648K
  class space    used 13593K, committed 14656K, reserved 1048576K
}
Event: 27.730 GC heap after
{Heap after GC invocations=44 (full 0):
 garbage-first heap   total 158720K, used 80222K [0x0000000080000000, 0x0000000100000000)
  region size 1024K, 4 young (4096K), 4 survivors (4096K)
 Metaspace       used 99682K, committed 101824K, reserved 1179648K
  class space    used 13593K, committed 14656K, reserved 1048576K
}
Event: 28.910 GC heap before
{Heap before GC invocations=44 (full 0):
 garbage-first heap   total 158720K, used 137566K [0x0000000080000000, 0x0000000100000000)
  region size 1024K, 62 young (63488K), 4 survivors (4096K)
 Metaspace       used 104248K, committed 106368K, reserved 1179648K
  class space    used 14098K, committed 15168K, reserved 1048576K
}
Event: 28.924 GC heap after
{Heap after GC invocations=45 (full 0):
 garbage-first heap   total 158720K, used 87490K [0x0000000080000000, 0x0000000100000000)
  region size 1024K, 8 young (8192K), 8 survivors (8192K)
 Metaspace       used 104248K, committed 106368K, reserved 1179648K
  class space    used 14098K, committed 15168K, reserved 1048576K
}
Event: 31.031 GC heap before
{Heap before GC invocations=46 (full 0):
 garbage-first heap   total 158720K, used 145858K [0x0000000080000000, 0x0000000100000000)
  region size 1024K, 60 young (61440K), 8 survivors (8192K)
 Metaspace       used 107966K, committed 110080K, reserved 1179648K
  class space    used 14543K, committed 15616K, reserved 1048576K
}
Event: 31.052 GC heap after
{Heap after GC invocations=47 (full 0):
 garbage-first heap   total 161792K, used 95232K [0x0000000080000000, 0x0000000100000000)
  region size 1024K, 8 young (8192K), 8 survivors (8192K)
 Metaspace       used 107966K, committed 110080K, reserved 1179648K
  class space    used 14543K, committed 15616K, reserved 1048576K
}
Event: 32.395 GC heap before
{Heap before GC invocations=47 (full 0):
 garbage-first heap   total 161792K, used 144384K [0x0000000080000000, 0x0000000100000000)
  region size 1024K, 56 young (57344K), 8 survivors (8192K)
 Metaspace       used 108028K, committed 110208K, reserved 1179648K
  class space    used 14544K, committed 15616K, reserved 1048576K
}
Event: 32.408 GC heap after
{Heap after GC invocations=48 (full 0):
 garbage-first heap   total 161792K, used 96547K [0x0000000080000000, 0x0000000100000000)
  region size 1024K, 4 young (4096K), 4 survivors (4096K)
 Metaspace       used 108028K, committed 110208K, reserved 1179648K
  class space    used 14544K, committed 15616K, reserved 1048576K
}
Event: 33.945 GC heap before
{Heap before GC invocations=48 (full 0):
 garbage-first heap   total 161792K, used 144675K [0x0000000080000000, 0x0000000100000000)
  region size 1024K, 52 young (53248K), 4 survivors (4096K)
 Metaspace       used 108830K, committed 110976K, reserved 1179648K
  class space    used 14686K, committed 15744K, reserved 1048576K
}
Event: 33.953 GC heap after
{Heap after GC invocations=49 (full 0):
 garbage-first heap   total 161792K, used 98595K [0x0000000080000000, 0x0000000100000000)
  region size 1024K, 6 young (6144K), 6 survivors (6144K)
 Metaspace       used 108830K, committed 110976K, reserved 1179648K
  class space    used 14686K, committed 15744K, reserved 1048576K
}
Event: 36.014 GC heap before
{Heap before GC invocations=50 (full 0):
 garbage-first heap   total 165888K, used 144675K [0x0000000080000000, 0x0000000100000000)
  region size 1024K, 52 young (53248K), 6 survivors (6144K)
 Metaspace       used 110875K, committed 113024K, reserved 1179648K
  class space    used 14876K, committed 15936K, reserved 1048576K
}
Event: 36.025 GC heap after
{Heap after GC invocations=51 (full 0):
 garbage-first heap   total 165888K, used 102991K [0x0000000080000000, 0x0000000100000000)
  region size 1024K, 6 young (6144K), 6 survivors (6144K)
 Metaspace       used 110875K, committed 113024K, reserved 1179648K
  class space    used 14876K, committed 15936K, reserved 1048576K
}
Event: 37.008 GC heap before
{Heap before GC invocations=51 (full 0):
 garbage-first heap   total 165888K, used 158287K [0x0000000080000000, 0x0000000100000000)
  region size 1024K, 52 young (53248K), 6 survivors (6144K)
 Metaspace       used 111004K, committed 113152K, reserved 1179648K
  class space    used 14876K, committed 15936K, reserved 1048576K
}
Event: 37.040 GC heap after
{Heap after GC invocations=52 (full 0):
 garbage-first heap   total 188416K, used 124928K [0x0000000080000000, 0x0000000100000000)
  region size 1024K, 7 young (7168K), 7 survivors (7168K)
 Metaspace       used 111004K, committed 113152K, reserved 1179648K
  class space    used 14876K, committed 15936K, reserved 1048576K
}
Event: 38.642 GC heap before
{Heap before GC invocations=52 (full 0):
 garbage-first heap   total 188416K, used 147456K [0x0000000080000000, 0x0000000100000000)
  region size 1024K, 31 young (31744K), 7 survivors (7168K)
 Metaspace       used 111526K, committed 113728K, reserved 1179648K
  class space    used 14922K, committed 16064K, reserved 1048576K
}
Event: 38.654 GC heap after
{Heap after GC invocations=53 (full 0):
 garbage-first heap   total 188416K, used 128908K [0x0000000080000000, 0x0000000100000000)
  region size 1024K, 3 young (3072K), 3 survivors (3072K)
 Metaspace       used 111526K, committed 113728K, reserved 1179648K
  class space    used 14922K, committed 16064K, reserved 1048576K
}
Event: 43.092 GC heap before
{Heap before GC invocations=54 (full 0):
 garbage-first heap   total 217088K, used 170892K [0x0000000080000000, 0x0000000100000000)
  region size 1024K, 37 young (37888K), 3 survivors (3072K)
 Metaspace       used 113580K, committed 115776K, reserved 1179648K
  class space    used 15183K, committed 16256K, reserved 1048576K
}
Event: 43.105 GC heap after
{Heap after GC invocations=55 (full 0):
 garbage-first heap   total 217088K, used 133799K [0x0000000080000000, 0x0000000100000000)
  region size 1024K, 5 young (5120K), 5 survivors (5120K)
 Metaspace       used 113580K, committed 115776K, reserved 1179648K
  class space    used 15183K, committed 16256K, reserved 1048576K
}

