# JRE version: OpenJDK Runtime Environment (21.0.6) (build 21.0.6+-13368085-b895.109)
# Java VM: OpenJDK 64-Bit Server VM (21.0.6+-13368085-b895.109, mixed mode, tiered, compressed oops, compressed class ptrs, g1 gc, windows-amd64)
GC Precious Log:
 CardTable entry size: 512
 Card Set container configuration: InlinePtr #cards 5 size 8 Array Of Cards #cards 12 size 40 Howl #buckets 4 coarsen threshold 1843 Howl Bitmap #cards 512 size 80 coarsen threshold 460 Card regions per heap region 1 cards per card region 2048
 CPUs: 4 total, 4 available
 Memory: 12125M
 Large Page Support: Disabled
 NUMA Support: Disabled
 Compressed Oops: Enabled (32-bit)
 Heap Region Size: 1M
 Heap Min Capacity: 8M
 Heap Initial Capacity: 190M
 Heap Max Capacity: 2G
 Pre-touch: Disabled
 Parallel Workers: 4
 Concurrent Workers: 1
 Concurrent Refinement Workers: 4
 Periodic GC: Disabled
Heap:
 garbage-first heap   total 87040K, used 58410K [0x0000000080000000, 0x0000000100000000)
  region size 1024K, 8 young (8192K), 2 survivors (2048K)
 Metaspace       used 52804K, committed 54272K, reserved 1114112K
  class space    used 7071K, committed 7808K, reserved 1048576K
GC Heap History (20 events):
Event: 4.372 GC heap before
{Heap before GC invocations=5 (full 0):
 garbage-first heap   total 68608K, used 53373K [0x0000000080000000, 0x0000000100000000)
  region size 1024K, 33 young (33792K), 2 survivors (2048K)
 Metaspace       used 30542K, committed 31168K, reserved 1114112K
  class space    used 3947K, committed 4224K, reserved 1048576K
}
Event: 4.377 GC heap after
{Heap after GC invocations=6 (full 0):
 garbage-first heap   total 68608K, used 23794K [0x0000000080000000, 0x0000000100000000)
  region size 1024K, 4 young (4096K), 4 survivors (4096K)
 Metaspace       used 30542K, committed 31168K, reserved 1114112K
  class space    used 3947K, committed 4224K, reserved 1048576K
}
Event: 5.006 GC heap before
{Heap before GC invocations=6 (full 0):
 garbage-first heap   total 68608K, used 60658K [0x0000000080000000, 0x0000000100000000)
  region size 1024K, 35 young (35840K), 4 survivors (4096K)
 Metaspace       used 34861K, committed 35776K, reserved 1114112K
  class space    used 4669K, committed 5120K, reserved 1048576K
}
Event: 5.013 GC heap after
{Heap after GC invocations=7 (full 0):
 garbage-first heap   total 69632K, used 32871K [0x0000000080000000, 0x0000000100000000)
  region size 1024K, 5 young (5120K), 5 survivors (5120K)
 Metaspace       used 34861K, committed 35776K, reserved 1114112K
  class space    used 4669K, committed 5120K, reserved 1048576K
}
Event: 5.138 GC heap before
{Heap before GC invocations=7 (full 0):
 garbage-first heap   total 69632K, used 33895K [0x0000000080000000, 0x0000000100000000)
  region size 1024K, 7 young (7168K), 5 survivors (5120K)
 Metaspace       used 34898K, committed 35840K, reserved 1114112K
  class space    used 4677K, committed 5120K, reserved 1048576K
}
Event: 5.145 GC heap after
{Heap after GC invocations=8 (full 0):
 garbage-first heap   total 69632K, used 34229K [0x0000000080000000, 0x0000000100000000)
  region size 1024K, 2 young (2048K), 2 survivors (2048K)
 Metaspace       used 34898K, committed 35840K, reserved 1114112K
  class space    used 4677K, committed 5120K, reserved 1048576K
}
Event: 5.723 GC heap before
{Heap before GC invocations=9 (full 0):
 garbage-first heap   total 69632K, used 57781K [0x0000000080000000, 0x0000000100000000)
  region size 1024K, 19 young (19456K), 2 survivors (2048K)
 Metaspace       used 36811K, committed 37824K, reserved 1114112K
  class space    used 4982K, committed 5504K, reserved 1048576K
}
Event: 5.726 GC heap after
{Heap after GC invocations=10 (full 0):
 garbage-first heap   total 69632K, used 43603K [0x0000000080000000, 0x0000000100000000)
  region size 1024K, 3 young (3072K), 3 survivors (3072K)
 Metaspace       used 36811K, committed 37824K, reserved 1114112K
  class space    used 4982K, committed 5504K, reserved 1048576K
}
Event: 6.170 GC heap before
{Heap before GC invocations=10 (full 0):
 garbage-first heap   total 69632K, used 57939K [0x0000000080000000, 0x0000000100000000)
  region size 1024K, 17 young (17408K), 3 survivors (3072K)
 Metaspace       used 38577K, committed 39552K, reserved 1114112K
  class space    used 5245K, committed 5760K, reserved 1048576K
}
Event: 6.176 GC heap after
{Heap after GC invocations=11 (full 0):
 garbage-first heap   total 69632K, used 43763K [0x0000000080000000, 0x0000000100000000)
  region size 1024K, 1 young (1024K), 1 survivors (1024K)
 Metaspace       used 38577K, committed 39552K, reserved 1114112K
  class space    used 5245K, committed 5760K, reserved 1048576K
}
Event: 6.448 GC heap before
{Heap before GC invocations=11 (full 0):
 garbage-first heap   total 69632K, used 58099K [0x0000000080000000, 0x0000000100000000)
  region size 1024K, 15 young (15360K), 1 survivors (1024K)
 Metaspace       used 40333K, committed 41536K, reserved 1114112K
  class space    used 5539K, committed 6144K, reserved 1048576K
}
Event: 6.450 GC heap after
{Heap after GC invocations=12 (full 0):
 garbage-first heap   total 83968K, used 44500K [0x0000000080000000, 0x0000000100000000)
  region size 1024K, 2 young (2048K), 2 survivors (2048K)
 Metaspace       used 40333K, committed 41536K, reserved 1114112K
  class space    used 5539K, committed 6144K, reserved 1048576K
}
Event: 6.871 GC heap before
{Heap before GC invocations=13 (full 0):
 garbage-first heap   total 83968K, used 64980K [0x0000000080000000, 0x0000000100000000)
  region size 1024K, 23 young (23552K), 2 survivors (2048K)
 Metaspace       used 43522K, committed 44864K, reserved 1114112K
  class space    used 6066K, committed 6720K, reserved 1048576K
}
Event: 6.876 GC heap after
{Heap after GC invocations=14 (full 0):
 garbage-first heap   total 83968K, used 45618K [0x0000000080000000, 0x0000000100000000)
  region size 1024K, 3 young (3072K), 3 survivors (3072K)
 Metaspace       used 43522K, committed 44864K, reserved 1114112K
  class space    used 6066K, committed 6720K, reserved 1048576K
}
Event: 7.533 GC heap before
{Heap before GC invocations=14 (full 0):
 garbage-first heap   total 83968K, used 67122K [0x0000000080000000, 0x0000000100000000)
  region size 1024K, 25 young (25600K), 3 survivors (3072K)
 Metaspace       used 48871K, committed 50240K, reserved 1114112K
  class space    used 6619K, committed 7296K, reserved 1048576K
}
Event: 7.540 GC heap after
{Heap after GC invocations=15 (full 0):
 garbage-first heap   total 83968K, used 48688K [0x0000000080000000, 0x0000000100000000)
  region size 1024K, 4 young (4096K), 4 survivors (4096K)
 Metaspace       used 48871K, committed 50240K, reserved 1114112K
  class space    used 6619K, committed 7296K, reserved 1048576K
}
Event: 7.700 GC heap before
{Heap before GC invocations=15 (full 0):
 garbage-first heap   total 83968K, used 70192K [0x0000000080000000, 0x0000000100000000)
  region size 1024K, 25 young (25600K), 4 survivors (4096K)
 Metaspace       used 49315K, committed 50624K, reserved 1114112K
  class space    used 6655K, committed 7296K, reserved 1048576K
}
Event: 7.706 GC heap after
{Heap after GC invocations=16 (full 0):
 garbage-first heap   total 83968K, used 51523K [0x0000000080000000, 0x0000000100000000)
  region size 1024K, 3 young (3072K), 3 survivors (3072K)
 Metaspace       used 49315K, committed 50624K, reserved 1114112K
  class space    used 6655K, committed 7296K, reserved 1048576K
}
Event: 8.286 GC heap before
{Heap before GC invocations=17 (full 0):
 garbage-first heap   total 87040K, used 76099K [0x0000000080000000, 0x0000000100000000)
  region size 1024K, 23 young (23552K), 3 survivors (3072K)
 Metaspace       used 52099K, committed 53568K, reserved 1114112K
  class space    used 6955K, committed 7680K, reserved 1048576K
}
Event: 8.290 GC heap after
{Heap after GC invocations=18 (full 0):
 garbage-first heap   total 87040K, used 53290K [0x0000000080000000, 0x0000000100000000)
  region size 1024K, 2 young (2048K), 2 survivors (2048K)
 Metaspace       used 52099K, committed 53568K, reserved 1114112K
  class space    used 6955K, committed 7680K, reserved 1048576K
}

