# JRE version: OpenJDK Runtime Environment (21.0.6) (build 21.0.6+-13368085-b895.109)
# Java VM: OpenJDK 64-Bit Server VM (21.0.6+-13368085-b895.109, mixed mode, tiered, compressed oops, compressed class ptrs, g1 gc, windows-amd64)
GC Precious Log:
 CardTable entry size: 512
 Card Set container configuration: InlinePtr #cards 5 size 8 Array Of Cards #cards 12 size 40 Howl #buckets 4 coarsen threshold 1843 Howl Bitmap #cards 512 size 80 coarsen threshold 460 Card regions per heap region 1 cards per card region 2048
 CPUs: 4 total, 4 available
 Memory: 12125M
 Large Page Support: Disabled
 NUMA Support: Disabled
 Compressed Oops: Enabled (32-bit)
 Heap Region Size: 1M
 Heap Min Capacity: 8M
 Heap Initial Capacity: 190M
 Heap Max Capacity: 2G
 Pre-touch: Disabled
 Parallel Workers: 4
 Concurrent Workers: 1
 Concurrent Refinement Workers: 4
 Periodic GC: Disabled
Heap:
 garbage-first heap   total 249856K, used 153024K [0x0000000080000000, 0x0000000100000000)
  region size 1024K, 23 young (23552K), 3 survivors (3072K)
 Metaspace       used 147697K, committed 150080K, reserved 1179648K
  class space    used 19928K, committed 21120K, reserved 1048576K
GC Heap History (20 events):
Event: 23.112 GC heap before
{Heap before GC invocations=49 (full 0):
 garbage-first heap   total 173056K, used 146559K [0x0000000080000000, 0x0000000100000000)
  region size 1024K, 51 young (52224K), 7 survivors (7168K)
 Metaspace       used 113592K, committed 115776K, reserved 1179648K
  class space    used 15259K, committed 16384K, reserved 1048576K
}
Event: 23.120 GC heap after
{Heap after GC invocations=50 (full 0):
 garbage-first heap   total 173056K, used 103507K [0x0000000080000000, 0x0000000100000000)
  region size 1024K, 4 young (4096K), 4 survivors (4096K)
 Metaspace       used 113592K, committed 115776K, reserved 1179648K
  class space    used 15259K, committed 16384K, reserved 1048576K
}
Event: 24.330 GC heap before
{Heap before GC invocations=50 (full 0):
 garbage-first heap   total 173056K, used 156755K [0x0000000080000000, 0x0000000100000000)
  region size 1024K, 57 young (58368K), 4 survivors (4096K)
 Metaspace       used 116532K, committed 118656K, reserved 1179648K
  class space    used 15614K, committed 16704K, reserved 1048576K
}
Event: 24.339 GC heap after
{Heap after GC invocations=51 (full 0):
 garbage-first heap   total 173056K, used 105123K [0x0000000080000000, 0x0000000100000000)
  region size 1024K, 8 young (8192K), 8 survivors (8192K)
 Metaspace       used 116532K, committed 118656K, reserved 1179648K
  class space    used 15614K, committed 16704K, reserved 1048576K
}
Event: 24.796 GC heap before
{Heap before GC invocations=51 (full 0):
 garbage-first heap   total 173056K, used 153251K [0x0000000080000000, 0x0000000100000000)
  region size 1024K, 56 young (57344K), 8 survivors (8192K)
 Metaspace       used 116632K, committed 118784K, reserved 1179648K
  class space    used 15623K, committed 16704K, reserved 1048576K
}
Event: 24.806 GC heap after
{Heap after GC invocations=52 (full 0):
 garbage-first heap   total 173056K, used 107012K [0x0000000080000000, 0x0000000100000000)
  region size 1024K, 5 young (5120K), 5 survivors (5120K)
 Metaspace       used 116632K, committed 118784K, reserved 1179648K
  class space    used 15623K, committed 16704K, reserved 1048576K
}
Event: 25.372 GC heap before
{Heap before GC invocations=53 (full 0):
 garbage-first heap   total 181248K, used 155140K [0x0000000080000000, 0x0000000100000000)
  region size 1024K, 53 young (54272K), 5 survivors (5120K)
 Metaspace       used 116680K, committed 118784K, reserved 1179648K
  class space    used 15626K, committed 16704K, reserved 1048576K
}
Event: 25.378 GC heap after
{Heap after GC invocations=54 (full 0):
 garbage-first heap   total 181248K, used 107924K [0x0000000080000000, 0x0000000100000000)
  region size 1024K, 4 young (4096K), 4 survivors (4096K)
 Metaspace       used 116680K, committed 118784K, reserved 1179648K
  class space    used 15626K, committed 16704K, reserved 1048576K
}
Event: 25.953 GC heap before
{Heap before GC invocations=54 (full 0):
 garbage-first heap   total 181248K, used 165268K [0x0000000080000000, 0x0000000100000000)
  region size 1024K, 61 young (62464K), 4 survivors (4096K)
 Metaspace       used 116807K, committed 119040K, reserved 1179648K
  class space    used 15641K, committed 16768K, reserved 1048576K
}
Event: 25.961 GC heap after
{Heap after GC invocations=55 (full 0):
 garbage-first heap   total 218112K, used 109040K [0x0000000080000000, 0x0000000100000000)
  region size 1024K, 6 young (6144K), 6 survivors (6144K)
 Metaspace       used 116807K, committed 119040K, reserved 1179648K
  class space    used 15641K, committed 16768K, reserved 1048576K
}
Event: 30.686 GC heap before
{Heap before GC invocations=55 (full 0):
 garbage-first heap   total 218112K, used 197104K [0x0000000080000000, 0x0000000100000000)
  region size 1024K, 93 young (95232K), 6 survivors (6144K)
 Metaspace       used 119076K, committed 121280K, reserved 1179648K
  class space    used 15918K, committed 17024K, reserved 1048576K
}
Event: 30.704 GC heap after
{Heap after GC invocations=56 (full 0):
 garbage-first heap   total 218112K, used 117159K [0x0000000080000000, 0x0000000100000000)
  region size 1024K, 12 young (12288K), 12 survivors (12288K)
 Metaspace       used 119076K, committed 121280K, reserved 1179648K
  class space    used 15918K, committed 17024K, reserved 1048576K
}
Event: 32.804 GC heap before
{Heap before GC invocations=57 (full 0):
 garbage-first heap   total 218112K, used 198055K [0x0000000080000000, 0x0000000100000000)
  region size 1024K, 86 young (88064K), 12 survivors (12288K)
 Metaspace       used 126168K, committed 128384K, reserved 1179648K
  class space    used 16833K, committed 17920K, reserved 1048576K
}
Event: 32.833 GC heap after
{Heap after GC invocations=58 (full 0):
 garbage-first heap   total 225280K, used 134266K [0x0000000080000000, 0x0000000100000000)
  region size 1024K, 11 young (11264K), 11 survivors (11264K)
 Metaspace       used 126168K, committed 128384K, reserved 1179648K
  class space    used 16833K, committed 17920K, reserved 1048576K
}
Event: 34.727 GC heap before
{Heap before GC invocations=58 (full 0):
 garbage-first heap   total 225280K, used 198778K [0x0000000080000000, 0x0000000100000000)
  region size 1024K, 75 young (76800K), 11 survivors (11264K)
 Metaspace       used 132407K, committed 134656K, reserved 1179648K
  class space    used 17656K, committed 18816K, reserved 1048576K
}
Event: 34.743 GC heap after
{Heap after GC invocations=59 (full 0):
 garbage-first heap   total 225280K, used 132442K [0x0000000080000000, 0x0000000100000000)
  region size 1024K, 6 young (6144K), 6 survivors (6144K)
 Metaspace       used 132407K, committed 134656K, reserved 1179648K
  class space    used 17656K, committed 18816K, reserved 1048576K
}
Event: 36.218 GC heap before
{Heap before GC invocations=59 (full 0):
 garbage-first heap   total 225280K, used 200026K [0x0000000080000000, 0x0000000100000000)
  region size 1024K, 73 young (74752K), 6 survivors (6144K)
 Metaspace       used 141700K, committed 144000K, reserved 1179648K
  class space    used 19045K, committed 20224K, reserved 1048576K
}
Event: 36.229 GC heap after
{Heap after GC invocations=60 (full 0):
 garbage-first heap   total 225280K, used 133776K [0x0000000080000000, 0x0000000100000000)
  region size 1024K, 7 young (7168K), 7 survivors (7168K)
 Metaspace       used 141700K, committed 144000K, reserved 1179648K
  class space    used 19045K, committed 20224K, reserved 1048576K
}
Event: 37.587 GC heap before
{Heap before GC invocations=61 (full 0):
 garbage-first heap   total 241664K, used 240272K [0x0000000080000000, 0x0000000100000000)
  region size 1024K, 36 young (36864K), 7 survivors (7168K)
 Metaspace       used 144390K, committed 146752K, reserved 1179648K
  class space    used 19565K, committed 20736K, reserved 1048576K
}
Event: 37.598 GC heap after
{Heap after GC invocations=62 (full 0):
 garbage-first heap   total 249856K, used 134592K [0x0000000080000000, 0x0000000100000000)
  region size 1024K, 3 young (3072K), 3 survivors (3072K)
 Metaspace       used 144390K, committed 146752K, reserved 1179648K
  class space    used 19565K, committed 20736K, reserved 1048576K
}

